This is TeX, Version 3.14159 (Web2C 7.3.1) (format=latex 2000.3.7)  31 MAY 2001 20:54
**report
(report.tex
LaTeX2e <1998/12/01> patch level 1
Babel <v3.6x> and hyphenation patterns for american, french, german, ngerman, i
talian, nohyphenation, loaded.
(/usr/share/texmf/tex/latex/base/article.cls
Document Class: article 1999/01/07 v1.4a Standard LaTeX document class
(/usr/share/texmf/tex/latex/base/size12.clo
File: size12.clo 1999/01/07 v1.4a Standard LaTeX file (size option)
)
\c@part=\count79
\c@section=\count80
\c@subsection=\count81
\c@subsubsection=\count82
\c@paragraph=\count83
\c@subparagraph=\count84
\c@figure=\count85
\c@table=\count86
\abovecaptionskip=\skip41
\belowcaptionskip=\skip42
\bibindent=\dimen102
)
(/usr/share/texmf/tex/latex/graphics/graphicx.sty
Package: graphicx 1999/02/16 v1.0f Enhanced LaTeX Graphics (DPC,SPQR)

(/usr/share/texmf/tex/latex/graphics/keyval.sty
Package: keyval 1999/03/16 v1.13 key=value parser (DPC)
\KV@toks@=\toks14
)
(/usr/share/texmf/tex/latex/graphics/graphics.sty
Package: graphics 1999/02/16 v1.0l Standard LaTeX Graphics (DPC,SPQR)

(/usr/share/texmf/tex/latex/graphics/trig.sty
Package: trig 1999/03/16 v1.09 sin cos tan (DPC)
)
(/usr/share/texmf/tex/latex/config/graphics.cfg)
Package graphics Info: Driver file: dvips.def on input line 80.

(/usr/share/texmf/tex/latex/graphics/dvips.def
File: dvips.def 1999/02/16 v3.0i Driver-dependant file (DPC,SPQR)
))
\Gin@req@height=\dimen103
\Gin@req@width=\dimen104
)
(/usr/share/texmf/tex/latex/misc/program.sty
\@gtempa=\dimen105
\@gtempa=\dimen106
\@gtempa=\dimen107
\@gtempa=\dimen108
\@gtempa=\dimen109
\@gtempa=\dimen110
\@gtempa=\dimen111
\@gtempa=\dimen112
\@gtempa=\dimen113
\@gtempa=\dimen114
\@gtempa=\dimen115
\@gtempa=\dimen116
\@gtempa=\dimen117
\@gtempa=\dimen118
\@gtempa=\dimen119
\@gtempa=\dimen120
\@gtempa=\dimen121
\@gtempa=\dimen122
\@gtempa=\dimen123
\@gtempa=\dimen124
\@gtempa=\dimen125
\@gtempa=\dimen126
\@gtempa=\dimen127
\@gtempa=\dimen128
\@gtempa=\dimen129
\@gtempa=\dimen130
\@gtempa=\dimen131
\@gtempa=\dimen132
\@gtempa=\dimen133
\@gtempa=\dimen134
\@gtempa=\dimen135
\@gtempa=\dimen136
\@gtempa=\dimen137
\@gtempa=\dimen138
\@gtempa=\dimen139
\@gtempa=\dimen140
\@gtempa=\dimen141
\@gtempa=\dimen142
\@gtempa=\dimen143
\@gtempa=\dimen144
\@gtempa=\dimen145
\@gtempa=\dimen146
\@gtempa=\dimen147
\@gtempa=\dimen148
\@gtempa=\dimen149
\@gtempa=\dimen150
\@gtempa=\dimen151
\@gtempa=\dimen152
\@gtempa=\dimen153
\@gtempa=\dimen154
\c@programline=\count87
\old@nxttabmar=\count88
\symeulerletters=\mathgroup4
\powersetbox=\box26
LaTeX Font Info:    External font `cmex10' loaded for size
(Font)              <17.28> on input line 798.
LaTeX Font Info:    External font `cmex10' loaded for size
(Font)              <12> on input line 798.
LaTeX Font Info:    Try loading font information for U+eur on input line 798.

(/usr/share/texmf/tex/latex/amsfonts/ueur.fd
File: ueur.fd 1995/01/05 v2.2e AMS font definitions
))
\c@defn=\count89
 (report.aux)
\openout1 = `report.aux'.

LaTeX Font Info:    Checking defaults for OML/cmm/m/it on input line 11.
LaTeX Font Info:    ... okay on input line 11.
LaTeX Font Info:    Checking defaults for T1/cmr/m/n on input line 11.
LaTeX Font Info:    ... okay on input line 11.
LaTeX Font Info:    Checking defaults for OT1/cmr/m/n on input line 11.
LaTeX Font Info:    ... okay on input line 11.
LaTeX Font Info:    Checking defaults for OMS/cmsy/m/n on input line 11.
LaTeX Font Info:    ... okay on input line 11.
LaTeX Font Info:    Checking defaults for OMX/cmex/m/n on input line 11.
LaTeX Font Info:    ... okay on input line 11.
LaTeX Font Info:    Checking defaults for U/cmr/m/n on input line 11.
LaTeX Font Info:    ... okay on input line 11.
LaTeX Font Info:    External font `cmex10' loaded for size
(Font)              <14.4> on input line 12.
LaTeX Font Info:    External font `cmex10' loaded for size
(Font)              <7> on input line 12.
LaTeX Font Info:    External font `cmex10' loaded for size
(Font)              <8> on input line 17.
LaTeX Font Info:    External font `cmex10' loaded for size
(Font)              <6> on input line 17.
LaTeX Font Info:    External font `cmex10' loaded for size
(Font)              <5> on input line 19.
 [1

]
Overfull \hbox (85.47523pt too wide) in paragraph at lines 38--38
[]           \OT1/cmtt/m/n/12 window = getRegion video positionX positionY wind
owSize windowSize[] 
 []


Overfull \hbox (29.9002pt too wide) in paragraph at lines 38--38
[]           \OT1/cmtt/m/n/12 (blobX,blobY,blobW,blobH) = stepBlob2 positionX p
ositionY[] 
 []

[2]
Overfull \hbox (29.9002pt too wide) in paragraph at lines 57--57
[]                                    \OT1/cmtt/m/n/12 `delayB` (fst (derefB ne
wXYref))[] 
 []


Overfull \hbox (29.9002pt too wide) in paragraph at lines 57--57
[]                                    \OT1/cmtt/m/n/12 `delayB` (snd (derefB ne
wXYref))[] 
 []


Overfull \hbox (85.47523pt too wide) in paragraph at lines 76--76
[]                \OT1/cmtt/m/n/12 dataError = (blobX<*0 ||* blobY<*0 ||* blobH
<*0 ||* blobW<*0)[] 
 []

[3]
Overfull \hbox (54.60022pt too wide) in paragraph at lines 76--76
[]                \OT1/cmtt/m/n/12 newX=ifX dataError position0X (position0X+bl
obX+blobW/2)[] 
 []

[4] [5] (report.aux) ) 
Here is how much of TeX's memory you used:
 887 strings out of 10898
 8717 string characters out of 96882
 57616 words of memory out of 263001
 3854 multiletter control sequences out of 10000+0
 12064 words of font info for 43 fonts, out of 400000 for 1000
 14 hyphenation exceptions out of 1000
 32i,8n,24p,806b,304s stack positions out of 300i,100n,500p,50000b,4000s

Output written on report.dvi (5 pages, 9184 bytes).
